0 info it worked if it ends with ok
1 verbose cli [ '/usr/local/bin/node', '/usr/local/bin/npm', 'run', 'eslint' ]
2 info using npm@4.1.2
3 info using node@v6.10.0
4 verbose run-script [ 'preeslint', 'eslint', 'posteslint' ]
5 info lifecycle devtool@1.0.0~preeslint: devtool@1.0.0
6 silly lifecycle devtool@1.0.0~preeslint: no script for preeslint, continuing
7 info lifecycle devtool@1.0.0~eslint: devtool@1.0.0
8 verbose lifecycle devtool@1.0.0~eslint: unsafe-perm in lifecycle true
9 verbose lifecycle devtool@1.0.0~eslint: PATH: /usr/local/lib/node_modules/npm/bin/node-gyp-bin:/Users/tingxuwang/Documents/code/test/weapp-devtool/devtool/node_modules/.bin:/usr/local/bin:/usr/bin:/bin:/usr/sbin:/sbin
10 verbose lifecycle devtool@1.0.0~eslint: CWD: /Users/tingxuwang/Documents/code/test/weapp-devtool/devtool
11 silly lifecycle devtool@1.0.0~eslint: Args: [ '-c', 'cd ../weapp && eslint ./' ]
12 silly lifecycle devtool@1.0.0~eslint: Returned: code: 1  signal: null
13 info lifecycle devtool@1.0.0~eslint: Failed to exec eslint script
14 verbose stack Error: devtool@1.0.0 eslint: `cd ../weapp && eslint ./`
14 verbose stack Exit status 1
14 verbose stack     at EventEmitter.<anonymous> (/usr/local/lib/node_modules/npm/lib/utils/lifecycle.js:279:16)
14 verbose stack     at emitTwo (events.js:106:13)
14 verbose stack     at EventEmitter.emit (events.js:191:7)
14 verbose stack     at ChildProcess.<anonymous> (/usr/local/lib/node_modules/npm/lib/utils/spawn.js:40:14)
14 verbose stack     at emitTwo (events.js:106:13)
14 verbose stack     at ChildProcess.emit (events.js:191:7)
14 verbose stack     at maybeClose (internal/child_process.js:877:16)
14 verbose stack     at Process.ChildProcess._handle.onexit (internal/child_process.js:226:5)
15 verbose pkgid devtool@1.0.0
16 verbose cwd /Users/tingxuwang/Documents/code/test/weapp-devtool/devtool
17 error Darwin 17.3.0
18 error argv "/usr/local/bin/node" "/usr/local/bin/npm" "run" "eslint"
19 error node v6.10.0
20 error npm  v4.1.2
21 error code ELIFECYCLE
22 error devtool@1.0.0 eslint: `cd ../weapp && eslint ./`
22 error Exit status 1
23 error Failed at the devtool@1.0.0 eslint script 'cd ../weapp && eslint ./'.
23 error Make sure you have the latest version of node.js and npm installed.
23 error If you do, this is most likely a problem with the devtool package,
23 error not with npm itself.
23 error Tell the author that this fails on your system:
23 error     cd ../weapp && eslint ./
23 error You can get information on how to open an issue for this project with:
23 error     npm bugs devtool
23 error Or if that isn't available, you can get their info via:
23 error     npm owner ls devtool
23 error There is likely additional logging output above.
24 verbose exit [ 1, true ]
